mar. 22, 2022 6:33:56 P. M. clases.logger exceptionLogger
WARNING: datosMostrar-10
java.sql.SQLSyntaxErrorException: You have an error in your SQL syntax; check the manual that corresponds to your MariaDB server version for the right syntax to use near '' at line 1
	at venTerciarias.dataWindow1.datosMostrar(dataWindow1.java:142)
	at venTerciarias.dataWindow1.jTextField1KeyPressed(dataWindow1.java:476)
	at venTerciarias.dataWindow1.access$000(dataWindow1.java:26)
	at venTerciarias.dataWindow1$1.keyPressed(dataWindow1.java:320)
	at java.desktop/java.awt.Component.processKeyEvent(Component.java:6575)
	at java.desktop/javax.swing.JComponent.processKeyEvent(JComponent.java:2849)
	at java.desktop/java.awt.Component.processEvent(Component.java:6394)
	at java.desktop/java.awt.Container.processEvent(Container.java:2264)
	at java.desktop/java.awt.Component.dispatchEventImpl(Component.java:4993)
	at java.desktop/java.awt.Container.dispatchEventImpl(Container.java:2322)
	at java.desktop/java.awt.Component.dispatchEvent(Component.java:4825)
	at java.desktop/java.awt.KeyboardFocusManager.redispatchEvent(KeyboardFocusManager.java:1950)
	at java.desktop/java.awt.DefaultKeyboardFocusManager.dispatchKeyEvent(DefaultKeyboardFocusManager.java:875)
	at java.desktop/java.awt.DefaultKeyboardFocusManager.preDispatchKeyEvent(DefaultKeyboardFocusManager.java:1144)
	at java.desktop/java.awt.DefaultKeyboardFocusManager.typeAheadAssertions(DefaultKeyboardFocusManager.java:1014)
	at java.desktop/java.awt.DefaultKeyboardFocusManager.dispatchEvent(DefaultKeyboardFocusManager.java:840)
	at java.desktop/java.awt.Component.dispatchEventImpl(Component.java:4874)
	at java.desktop/java.awt.Container.dispatchEventImpl(Container.java:2322)
	at java.desktop/java.awt.Window.dispatchEventImpl(Window.java:2773)
	at java.desktop/java.awt.Component.dispatchEvent(Component.java:4825)
	at java.desktop/java.awt.EventQueue.dispatchEventImpl(EventQueue.java:772)
	at java.desktop/java.awt.EventQueue$4.run(EventQueue.java:721)
	at java.desktop/java.awt.EventQueue$4.run(EventQueue.java:715)
	at java.base/java.security.AccessController.doPrivileged(AccessController.java:391)
	at java.base/java.security.ProtectionDomain$JavaSecurityAccessImpl.doIntersectionPrivilege(ProtectionDomain.java:85)
	at java.base/java.security.ProtectionDomain$JavaSecurityAccessImpl.doIntersectionPrivilege(ProtectionDomain.java:95)
	at java.desktop/java.awt.EventQueue$5.run(EventQueue.java:745)
	at java.desktop/java.awt.EventQueue$5.run(EventQueue.java:743)
	at java.base/java.security.AccessController.doPrivileged(AccessController.java:391)
	at java.base/java.security.ProtectionDomain$JavaSecurityAccessImpl.doIntersectionPrivilege(ProtectionDomain.java:85)
	at java.desktop/java.awt.EventQueue.dispatchEvent(EventQueue.java:742)
	at java.desktop/java.awt.EventDispatchThread.pumpOneEventForFilters(EventDispatchThread.java:203)
	at java.desktop/java.awt.EventDispatchThread.pumpEventsForFilter(EventDispatchThread.java:124)
	at java.desktop/java.awt.EventDispatchThread.pumpEventsForFilter(EventDispatchThread.java:117)
	at java.desktop/java.awt.WaitDispatchSupport$2.run(WaitDispatchSupport.java:190)
	at java.desktop/java.awt.event.InvocationEvent.dispatch(InvocationEvent.java:316)
	at java.desktop/java.awt.EventQueue.dispatchEventImpl(EventQueue.java:770)
	at java.desktop/java.awt.EventQueue$4.run(EventQueue.java:721)
	at java.desktop/java.awt.EventQueue$4.run(EventQueue.java:715)
	at java.base/java.security.AccessController.doPrivileged(AccessController.java:391)
	at java.base/java.security.ProtectionDomain$JavaSecurityAccessImpl.doIntersectionPrivilege(ProtectionDomain.java:85)
	at java.desktop/java.awt.EventQueue.dispatchEvent(EventQueue.java:740)
	at java.desktop/java.awt.EventDispatchThread.pumpOneEventForFilters(EventDispatchThread.java:203)
	at java.desktop/java.awt.EventDispatchThread.pumpEventsForFilter(EventDispatchThread.java:124)
	at java.desktop/java.awt.EventDispatchThread.pumpEventsForHierarchy(EventDispatchThread.java:113)
	at java.desktop/java.awt.EventDispatchThread.pumpEvents(EventDispatchThread.java:109)
	at java.desktop/java.awt.EventDispatchThread.pumpEvents(EventDispatchThread.java:101)
	at java.desktop/java.awt.EventDispatchThread.run(EventDispatchThread.java:90)

