abr. 02, 2022 8:49:54 P. M. clases.logger staticLogger
WARNING: Error 18: no se ingresaron correctamente el usuario y/o contraseña.
Ocurrió en la clase 'venPrimarias.start', en el método 'login()'
abr. 02, 2022 8:52:22 P. M. clases.logger staticLogger
WARNING: Error 18: no se ingresaron correctamente el usuario y/o contraseña.
Ocurrió en la clase 'venPrimarias.start', en el método 'login()'
abr. 02, 2022 8:52:22 P. M. clases.logger staticLogger
WARNING: Error 18: no se ingresaron correctamente el usuario y/o contraseña.
Ocurrió en la clase 'venPrimarias.start', en el método 'login()'
abr. 02, 2022 9:01:18 P. M. clases.logger staticLogger
WARNING: Error 14: no existen o no se ingresaron los datos a buscar y cambiar.
Ocurrió en 'venTerciarias.valVentanas.validacionVentana5', en el método 'botones(valButton)'
abr. 05, 2022 1:01:43 A. M. clases.logger staticLogger
WARNING: Error 14: no hay datos que concuerden con los datos escritos.
Ocurrió en la clase 'venTerciarias.dataWindow2', en el método 'datosMostrar()'
abr. 05, 2022 1:04:32 A. M. clases.logger staticLogger
WARNING: Error 14: no hay datos que concuerden con los datos escritos.
Ocurrió en la clase 'venTerciarias.dataWindow2', en el método 'datosMostrar()'
abr. 11, 2022 3:26:39 P. M. clases.logger staticLogger
WARNING: Error 11: You have an error in your SQL syntax; check the manual that corresponds to your MariaDB server version for the right syntax to use near '' at line 1.
Ocurrió en la clase 'venPrimarias.ventana1', en el método 'txtCodigoKeyPressed2()'
abr. 11, 2022 3:26:42 P. M. clases.logger staticLogger
WARNING: Error 14: no hay datos que concuerden con los datos escritos.
Ocurrió en la clase 'venPrimarias.ventana1', en el método 'txtCodigoKeyPressed2()'
abr. 11, 2022 3:26:42 P. M. clases.logger staticLogger
WARNING: Error 14: no hay datos que concuerden con los datos escritos.
Ocurrió en la clase 'venPrimarias.ventana1', en el método 'txtCodigoKeyPressed2()'
abr. 11, 2022 3:26:44 P. M. clases.logger staticLogger
WARNING: Error 14: no hay datos que concuerden con los datos escritos.
Ocurrió en la clase 'venPrimarias.ventana1', en el método 'txtCodigoKeyPressed2()'
abr. 11, 2022 3:26:44 P. M. clases.logger staticLogger
WARNING: Error 14: no hay datos que concuerden con los datos escritos.
Ocurrió en la clase 'venPrimarias.ventana1', en el método 'txtCodigoKeyPressed2()'
abr. 11, 2022 3:26:44 P. M. clases.logger staticLogger
WARNING: Error 14: no hay datos que concuerden con los datos escritos.
Ocurrió en la clase 'venPrimarias.ventana1', en el método 'txtCodigoKeyPressed2()'
abr. 11, 2022 3:27:27 P. M. clases.logger staticLogger
WARNING: Error 14: no hay datos que concuerden con los datos escritos.
Ocurrió en la clase 'venPrimarias.ventana1', en el método 'txtCodigoKeyPressed2()'
abr. 11, 2022 3:27:27 P. M. clases.logger staticLogger
WARNING: Error 14: no hay datos que concuerden con los datos escritos.
Ocurrió en la clase 'venPrimarias.ventana1', en el método 'txtCodigoKeyPressed2()'
abr. 11, 2022 3:27:27 P. M. clases.logger staticLogger
WARNING: Error 14: no hay datos que concuerden con los datos escritos.
Ocurrió en la clase 'venPrimarias.ventana1', en el método 'txtCodigoKeyPressed2()'
abr. 11, 2022 3:27:27 P. M. clases.logger staticLogger
WARNING: Error 14: no hay datos que concuerden con los datos escritos.
Ocurrió en la clase 'venPrimarias.ventana1', en el método 'txtCodigoKeyPressed2()'
abr. 11, 2022 3:27:29 P. M. clases.logger staticLogger
WARNING: Error 14: no hay datos que concuerden con los datos escritos.
Ocurrió en la clase 'venPrimarias.ventana1', en el método 'txtCodigoKeyPressed2()'
abr. 11, 2022 3:27:29 P. M. clases.logger staticLogger
WARNING: Error 14: no hay datos que concuerden con los datos escritos.
Ocurrió en la clase 'venPrimarias.ventana1', en el método 'txtCodigoKeyPressed2()'
abr. 11, 2022 3:27:29 P. M. clases.logger staticLogger
WARNING: Error 14: no hay datos que concuerden con los datos escritos.
Ocurrió en la clase 'venPrimarias.ventana1', en el método 'txtCodigoKeyPressed2()'
abr. 11, 2022 3:27:29 P. M. clases.logger staticLogger
WARNING: Error 14: no hay datos que concuerden con los datos escritos.
Ocurrió en la clase 'venPrimarias.ventana1', en el método 'txtCodigoKeyPressed2()'
abr. 11, 2022 3:27:29 P. M. clases.logger staticLogger
WARNING: Error 14: no hay datos que concuerden con los datos escritos.
Ocurrió en la clase 'venPrimarias.ventana1', en el método 'txtCodigoKeyPressed2()'
abr. 11, 2022 3:27:33 P. M. clases.logger staticLogger
WARNING: Error 14: no hay datos que concuerden con los datos escritos.
Ocurrió en la clase 'venPrimarias.ventana1', en el método 'txtCodigoKeyPressed2()'
abr. 11, 2022 3:27:33 P. M. clases.logger staticLogger
WARNING: Error 14: no hay datos que concuerden con los datos escritos.
Ocurrió en la clase 'venPrimarias.ventana1', en el método 'txtCodigoKeyPressed2()'
abr. 11, 2022 3:27:33 P. M. clases.logger staticLogger
WARNING: Error 14: no hay datos que concuerden con los datos escritos.
Ocurrió en la clase 'venPrimarias.ventana1', en el método 'txtCodigoKeyPressed2()'
abr. 11, 2022 3:27:33 P. M. clases.logger staticLogger
WARNING: Error 14: no hay datos que concuerden con los datos escritos.
Ocurrió en la clase 'venPrimarias.ventana1', en el método 'txtCodigoKeyPressed2()'
abr. 11, 2022 3:27:33 P. M. clases.logger staticLogger
WARNING: Error 14: no hay datos que concuerden con los datos escritos.
Ocurrió en la clase 'venPrimarias.ventana1', en el método 'txtCodigoKeyPressed2()'
abr. 11, 2022 3:27:33 P. M. clases.logger staticLogger
WARNING: Error 14: no hay datos que concuerden con los datos escritos.
Ocurrió en la clase 'venPrimarias.ventana1', en el método 'txtCodigoKeyPressed2()'
abr. 11, 2022 3:27:34 P. M. clases.logger staticLogger
WARNING: Error 14: no hay datos que concuerden con los datos escritos.
Ocurrió en la clase 'venPrimarias.ventana1', en el método 'txtCodigoKeyPressed2()'
abr. 11, 2022 3:27:34 P. M. clases.logger staticLogger
WARNING: Error 14: no hay datos que concuerden con los datos escritos.
Ocurrió en la clase 'venPrimarias.ventana1', en el método 'txtCodigoKeyPressed2()'
abr. 11, 2022 3:27:34 P. M. clases.logger staticLogger
WARNING: Error 14: no hay datos que concuerden con los datos escritos.
Ocurrió en la clase 'venPrimarias.ventana1', en el método 'txtCodigoKeyPressed2()'
abr. 11, 2022 3:27:34 P. M. clases.logger staticLogger
WARNING: Error 14: no hay datos que concuerden con los datos escritos.
Ocurrió en la clase 'venPrimarias.ventana1', en el método 'txtCodigoKeyPressed2()'
abr. 11, 2022 3:27:34 P. M. clases.logger staticLogger
WARNING: Error 14: no hay datos que concuerden con los datos escritos.
Ocurrió en la clase 'venPrimarias.ventana1', en el método 'txtCodigoKeyPressed2()'
abr. 11, 2022 3:27:34 P. M. clases.logger staticLogger
WARNING: Error 14: no hay datos que concuerden con los datos escritos.
Ocurrió en la clase 'venPrimarias.ventana1', en el método 'txtCodigoKeyPressed2()'
abr. 11, 2022 3:27:34 P. M. clases.logger staticLogger
WARNING: Error 14: no hay datos que concuerden con los datos escritos.
Ocurrió en la clase 'venPrimarias.ventana1', en el método 'txtCodigoKeyPressed2()'
abr. 11, 2022 3:27:38 P. M. clases.logger staticLogger
WARNING: Error 18: For input string: "".
Ocurrió en la clase 'venPrimarias.ventana1', en el método 'txtCantKeyPressed2()'
abr. 11, 2022 3:27:38 P. M. clases.logger staticLogger
WARNING: Error 18: For input string: "".
Ocurrió en la clase 'venPrimarias.ventana1', en el método 'txtCantKeyPressed2()'
abr. 11, 2022 3:27:38 P. M. clases.logger staticLogger
WARNING: Error 18: For input string: "".
Ocurrió en la clase 'venPrimarias.ventana1', en el método 'txtCantKeyPressed2()'
abr. 11, 2022 3:27:38 P. M. clases.logger staticLogger
WARNING: Error 18: For input string: "".
Ocurrió en la clase 'venPrimarias.ventana1', en el método 'txtCantKeyPressed2()'
abr. 11, 2022 3:27:38 P. M. clases.logger staticLogger
WARNING: Error 18: For input string: "".
Ocurrió en la clase 'venPrimarias.ventana1', en el método 'txtCantKeyPressed2()'
abr. 11, 2022 3:27:38 P. M. clases.logger staticLogger
WARNING: Error 18: For input string: "".
Ocurrió en la clase 'venPrimarias.ventana1', en el método 'txtCantKeyPressed2()'
abr. 11, 2022 3:27:38 P. M. clases.logger staticLogger
WARNING: Error 18: For input string: "".
Ocurrió en la clase 'venPrimarias.ventana1', en el método 'txtCantKeyPressed2()'
abr. 11, 2022 3:27:38 P. M. clases.logger staticLogger
WARNING: Error 18: For input string: "".
Ocurrió en la clase 'venPrimarias.ventana1', en el método 'txtCantKeyPressed2()'
abr. 11, 2022 3:27:49 P. M. clases.logger staticLogger
WARNING: Error 11: You have an error in your SQL syntax; check the manual that corresponds to your MariaDB server version for the right syntax to use near '' at line 1.
Ocurrió en la clase 'venPrimarias.ventana1', en el método 'txtCodigoKeyPressed2()'
abr. 11, 2022 3:27:50 P. M. clases.logger staticLogger
WARNING: Error 11: You have an error in your SQL syntax; check the manual that corresponds to your MariaDB server version for the right syntax to use near '' at line 1.
Ocurrió en la clase 'venPrimarias.ventana1', en el método 'txtCodigoKeyPressed2()'
abr. 11, 2022 3:27:50 P. M. clases.logger staticLogger
WARNING: Error 11: You have an error in your SQL syntax; check the manual that corresponds to your MariaDB server version for the right syntax to use near '' at line 1.
Ocurrió en la clase 'venPrimarias.ventana1', en el método 'txtCodigoKeyPressed2()'
abr. 11, 2022 3:27:51 P. M. clases.logger staticLogger
WARNING: Error 14: no hay datos que concuerden con los datos escritos.
Ocurrió en la clase 'venPrimarias.ventana1', en el método 'txtCodigoKeyPressed2()'
abr. 11, 2022 3:27:51 P. M. clases.logger staticLogger
WARNING: Error 14: no hay datos que concuerden con los datos escritos.
Ocurrió en la clase 'venPrimarias.ventana1', en el método 'txtCodigoKeyPressed2()'
abr. 11, 2022 3:27:51 P. M. clases.logger staticLogger
WARNING: Error 14: no hay datos que concuerden con los datos escritos.
Ocurrió en la clase 'venPrimarias.ventana1', en el método 'txtCodigoKeyPressed2()'
abr. 11, 2022 3:27:52 P. M. clases.logger staticLogger
WARNING: Error 14: no hay datos que concuerden con los datos escritos.
Ocurrió en la clase 'venPrimarias.ventana1', en el método 'txtCodigoKeyPressed2()'
abr. 11, 2022 3:27:52 P. M. clases.logger staticLogger
WARNING: Error 14: no hay datos que concuerden con los datos escritos.
Ocurrió en la clase 'venPrimarias.ventana1', en el método 'txtCodigoKeyPressed2()'
abr. 11, 2022 3:27:52 P. M. clases.logger staticLogger
WARNING: Error 14: no hay datos que concuerden con los datos escritos.
Ocurrió en la clase 'venPrimarias.ventana1', en el método 'txtCodigoKeyPressed2()'
abr. 11, 2022 3:27:52 P. M. clases.logger staticLogger
WARNING: Error 14: no hay datos que concuerden con los datos escritos.
Ocurrió en la clase 'venPrimarias.ventana1', en el método 'txtCodigoKeyPressed2()'
abr. 11, 2022 3:27:53 P. M. clases.logger staticLogger
WARNING: Error 14: no hay datos que concuerden con los datos escritos.
Ocurrió en la clase 'venPrimarias.ventana1', en el método 'txtCodigoKeyPressed2()'
abr. 11, 2022 3:27:53 P. M. clases.logger staticLogger
WARNING: Error 14: no hay datos que concuerden con los datos escritos.
Ocurrió en la clase 'venPrimarias.ventana1', en el método 'txtCodigoKeyPressed2()'
abr. 11, 2022 3:27:53 P. M. clases.logger staticLogger
WARNING: Error 14: no hay datos que concuerden con los datos escritos.
Ocurrió en la clase 'venPrimarias.ventana1', en el método 'txtCodigoKeyPressed2()'
abr. 11, 2022 3:27:53 P. M. clases.logger staticLogger
WARNING: Error 14: no hay datos que concuerden con los datos escritos.
Ocurrió en la clase 'venPrimarias.ventana1', en el método 'txtCodigoKeyPressed2()'
abr. 11, 2022 3:27:53 P. M. clases.logger staticLogger
WARNING: Error 14: no hay datos que concuerden con los datos escritos.
Ocurrió en la clase 'venPrimarias.ventana1', en el método 'txtCodigoKeyPressed2()'
abr. 11, 2022 3:27:55 P. M. clases.logger staticLogger
WARNING: Error 14: no hay datos que concuerden con los datos escritos.
Ocurrió en la clase 'venPrimarias.ventana1', en el método 'txtCodigoKeyPressed2()'
abr. 11, 2022 3:27:55 P. M. clases.logger staticLogger
WARNING: Error 14: no hay datos que concuerden con los datos escritos.
Ocurrió en la clase 'venPrimarias.ventana1', en el método 'txtCodigoKeyPressed2()'
abr. 11, 2022 3:27:55 P. M. clases.logger staticLogger
WARNING: Error 14: no hay datos que concuerden con los datos escritos.
Ocurrió en la clase 'venPrimarias.ventana1', en el método 'txtCodigoKeyPressed2()'
abr. 11, 2022 3:27:55 P. M. clases.logger staticLogger
WARNING: Error 14: no hay datos que concuerden con los datos escritos.
Ocurrió en la clase 'venPrimarias.ventana1', en el método 'txtCodigoKeyPressed2()'
abr. 11, 2022 3:27:55 P. M. clases.logger staticLogger
WARNING: Error 14: no hay datos que concuerden con los datos escritos.
Ocurrió en la clase 'venPrimarias.ventana1', en el método 'txtCodigoKeyPressed2()'
abr. 11, 2022 3:27:55 P. M. clases.logger staticLogger
WARNING: Error 14: no hay datos que concuerden con los datos escritos.
Ocurrió en la clase 'venPrimarias.ventana1', en el método 'txtCodigoKeyPressed2()'
abr. 11, 2022 3:28:03 P. M. clases.logger staticLogger
WARNING: Error 18: For input string: "".
Ocurrió en la clase 'venPrimarias.ventana1', en el método 'txtCantKeyPressed2()'
abr. 11, 2022 3:28:03 P. M. clases.logger staticLogger
WARNING: Error 18: For input string: "".
Ocurrió en la clase 'venPrimarias.ventana1', en el método 'txtCantKeyPressed2()'
abr. 11, 2022 3:28:03 P. M. clases.logger staticLogger
WARNING: Error 18: For input string: "".
Ocurrió en la clase 'venPrimarias.ventana1', en el método 'txtCantKeyPressed2()'
abr. 11, 2022 3:28:03 P. M. clases.logger staticLogger
WARNING: Error 18: For input string: "".
Ocurrió en la clase 'venPrimarias.ventana1', en el método 'txtCantKeyPressed2()'
abr. 11, 2022 3:28:03 P. M. clases.logger staticLogger
WARNING: Error 18: For input string: "".
Ocurrió en la clase 'venPrimarias.ventana1', en el método 'txtCantKeyPressed2()'
abr. 11, 2022 3:28:03 P. M. clases.logger staticLogger
WARNING: Error 18: For input string: "".
Ocurrió en la clase 'venPrimarias.ventana1', en el método 'txtCantKeyPressed2()'
abr. 11, 2022 3:28:03 P. M. clases.logger staticLogger
WARNING: Error 18: For input string: "".
Ocurrió en la clase 'venPrimarias.ventana1', en el método 'txtCantKeyPressed2()'
abr. 11, 2022 3:28:23 P. M. clases.logger staticLogger
WARNING: Error IOE_T1.1: Printer is not accepting job.
Ocurrió en la clase 'clases.tickets.ticket', en el método 'imprimirDocumento()'
abr. 11, 2022 3:28:23 P. M. clases.logger staticLogger
WARNING: Error IOE_T1.1: Printer is not accepting job.
Ocurrió en la clase 'clases.tickets.ticket', en el método 'imprimirDocumento()'
abr. 11, 2022 3:28:23 P. M. clases.logger staticLogger
WARNING: Error IOE_T1.1: Printer is not accepting job.
Ocurrió en la clase 'clases.tickets.ticket', en el método 'imprimirDocumento()'
abr. 11, 2022 3:28:23 P. M. clases.logger staticLogger
WARNING: Error IOE_T1.1: Printer is not accepting job.
Ocurrió en la clase 'clases.tickets.ticket', en el método 'imprimirDocumento()'
abr. 11, 2022 3:28:23 P. M. clases.logger staticLogger
WARNING: Error IOE_T1.1: Printer is not accepting job.
Ocurrió en la clase 'clases.tickets.ticket', en el método 'imprimirDocumento()'
abr. 11, 2022 3:28:23 P. M. clases.logger staticLogger
WARNING: Error IOE_T1.1: Printer is not accepting job.
Ocurrió en la clase 'clases.tickets.ticket', en el método 'imprimirDocumento()'
abr. 11, 2022 3:28:23 P. M. clases.logger staticLogger
WARNING: Error IOE_T1.1: Printer is not accepting job.
Ocurrió en la clase 'clases.tickets.ticket', en el método 'imprimirDocumento()'
abr. 11, 2022 3:28:23 P. M. clases.logger staticLogger
WARNING: Error IOE_T1.1: Printer is not accepting job.
Ocurrió en la clase 'clases.tickets.ticket', en el método 'imprimirDocumento()'
abr. 11, 2022 3:28:23 P. M. clases.logger staticLogger
WARNING: Error IOE_T1.1: Printer is not accepting job.
Ocurrió en la clase 'clases.tickets.ticket', en el método 'imprimirDocumento()'
abr. 11, 2022 3:31:58 P. M. clases.logger staticLogger
WARNING: Error 11: You have an error in your SQL syntax; check the manual that corresponds to your MariaDB server version for the right syntax to use near '' at line 1.
Ocurrió en la clase 'venPrimarias.ventana1', en el método 'txtCodigoKeyPressed2()'
abr. 11, 2022 3:32:00 P. M. clases.logger staticLogger
WARNING: Error 14: no hay datos que concuerden con los datos escritos.
Ocurrió en la clase 'venPrimarias.ventana1', en el método 'txtCodigoKeyPressed2()'
abr. 11, 2022 3:32:00 P. M. clases.logger staticLogger
WARNING: Error 14: no hay datos que concuerden con los datos escritos.
Ocurrió en la clase 'venPrimarias.ventana1', en el método 'txtCodigoKeyPressed2()'
abr. 11, 2022 3:32:00 P. M. clases.logger staticLogger
WARNING: Error 14: no hay datos que concuerden con los datos escritos.
Ocurrió en la clase 'venPrimarias.ventana1', en el método 'txtCodigoKeyPressed2()'
abr. 11, 2022 3:32:00 P. M. clases.logger staticLogger
WARNING: Error 14: no hay datos que concuerden con los datos escritos.
Ocurrió en la clase 'venPrimarias.ventana1', en el método 'txtCodigoKeyPressed2()'
abr. 11, 2022 3:32:00 P. M. clases.logger staticLogger
WARNING: Error 14: no hay datos que concuerden con los datos escritos.
Ocurrió en la clase 'venPrimarias.ventana1', en el método 'txtCodigoKeyPressed2()'
abr. 11, 2022 3:32:02 P. M. clases.logger staticLogger
WARNING: Error 14: no hay datos que concuerden con los datos escritos.
Ocurrió en la clase 'venPrimarias.ventana1', en el método 'txtCodigoKeyPressed2()'
abr. 11, 2022 3:32:02 P. M. clases.logger staticLogger
WARNING: Error 14: no hay datos que concuerden con los datos escritos.
Ocurrió en la clase 'venPrimarias.ventana1', en el método 'txtCodigoKeyPressed2()'
abr. 11, 2022 3:32:02 P. M. clases.logger staticLogger
WARNING: Error 14: no hay datos que concuerden con los datos escritos.
Ocurrió en la clase 'venPrimarias.ventana1', en el método 'txtCodigoKeyPressed2()'
abr. 11, 2022 3:32:02 P. M. clases.logger staticLogger
WARNING: Error 14: no hay datos que concuerden con los datos escritos.
Ocurrió en la clase 'venPrimarias.ventana1', en el método 'txtCodigoKeyPressed2()'
abr. 11, 2022 3:32:03 P. M. clases.logger staticLogger
WARNING: Error 14: no hay datos que concuerden con los datos escritos.
Ocurrió en la clase 'venPrimarias.ventana1', en el método 'txtCodigoKeyPressed2()'
abr. 11, 2022 3:32:03 P. M. clases.logger staticLogger
WARNING: Error 14: no hay datos que concuerden con los datos escritos.
Ocurrió en la clase 'venPrimarias.ventana1', en el método 'txtCodigoKeyPressed2()'
abr. 11, 2022 3:32:03 P. M. clases.logger staticLogger
WARNING: Error 14: no hay datos que concuerden con los datos escritos.
Ocurrió en la clase 'venPrimarias.ventana1', en el método 'txtCodigoKeyPressed2()'
abr. 11, 2022 3:32:03 P. M. clases.logger staticLogger
WARNING: Error 14: no hay datos que concuerden con los datos escritos.
Ocurrió en la clase 'venPrimarias.ventana1', en el método 'txtCodigoKeyPressed2()'
abr. 11, 2022 3:32:03 P. M. clases.logger staticLogger
WARNING: Error 14: no hay datos que concuerden con los datos escritos.
Ocurrió en la clase 'venPrimarias.ventana1', en el método 'txtCodigoKeyPressed2()'
abr. 11, 2022 3:32:04 P. M. clases.logger staticLogger
WARNING: Error 14: no hay datos que concuerden con los datos escritos.
Ocurrió en la clase 'venPrimarias.ventana1', en el método 'txtCodigoKeyPressed2()'
abr. 11, 2022 3:32:04 P. M. clases.logger staticLogger
WARNING: Error 14: no hay datos que concuerden con los datos escritos.
Ocurrió en la clase 'venPrimarias.ventana1', en el método 'txtCodigoKeyPressed2()'
abr. 11, 2022 3:32:04 P. M. clases.logger staticLogger
WARNING: Error 14: no hay datos que concuerden con los datos escritos.
Ocurrió en la clase 'venPrimarias.ventana1', en el método 'txtCodigoKeyPressed2()'
abr. 11, 2022 3:32:04 P. M. clases.logger staticLogger
WARNING: Error 14: no hay datos que concuerden con los datos escritos.
Ocurrió en la clase 'venPrimarias.ventana1', en el método 'txtCodigoKeyPressed2()'
abr. 11, 2022 3:32:04 P. M. clases.logger staticLogger
WARNING: Error 14: no hay datos que concuerden con los datos escritos.
Ocurrió en la clase 'venPrimarias.ventana1', en el método 'txtCodigoKeyPressed2()'
abr. 11, 2022 3:32:04 P. M. clases.logger staticLogger
WARNING: Error 14: no hay datos que concuerden con los datos escritos.
Ocurrió en la clase 'venPrimarias.ventana1', en el método 'txtCodigoKeyPressed2()'
abr. 11, 2022 3:32:05 P. M. clases.logger staticLogger
WARNING: Error 14: no hay datos que concuerden con los datos escritos.
Ocurrió en la clase 'venPrimarias.ventana1', en el método 'txtCodigoKeyPressed2()'
abr. 11, 2022 3:32:05 P. M. clases.logger staticLogger
WARNING: Error 14: no hay datos que concuerden con los datos escritos.
Ocurrió en la clase 'venPrimarias.ventana1', en el método 'txtCodigoKeyPressed2()'
abr. 11, 2022 3:32:05 P. M. clases.logger staticLogger
WARNING: Error 14: no hay datos que concuerden con los datos escritos.
Ocurrió en la clase 'venPrimarias.ventana1', en el método 'txtCodigoKeyPressed2()'
abr. 11, 2022 3:32:05 P. M. clases.logger staticLogger
WARNING: Error 14: no hay datos que concuerden con los datos escritos.
Ocurrió en la clase 'venPrimarias.ventana1', en el método 'txtCodigoKeyPressed2()'
abr. 11, 2022 3:32:05 P. M. clases.logger staticLogger
WARNING: Error 14: no hay datos que concuerden con los datos escritos.
Ocurrió en la clase 'venPrimarias.ventana1', en el método 'txtCodigoKeyPressed2()'
abr. 11, 2022 3:32:05 P. M. clases.logger staticLogger
WARNING: Error 14: no hay datos que concuerden con los datos escritos.
Ocurrió en la clase 'venPrimarias.ventana1', en el método 'txtCodigoKeyPressed2()'
abr. 11, 2022 3:32:05 P. M. clases.logger staticLogger
WARNING: Error 14: no hay datos que concuerden con los datos escritos.
Ocurrió en la clase 'venPrimarias.ventana1', en el método 'txtCodigoKeyPressed2()'
abr. 11, 2022 3:32:06 P. M. clases.logger staticLogger
WARNING: Error 14: no hay datos que concuerden con los datos escritos.
Ocurrió en la clase 'venPrimarias.ventana1', en el método 'txtCodigoKeyPressed2()'
abr. 11, 2022 3:32:06 P. M. clases.logger staticLogger
WARNING: Error 14: no hay datos que concuerden con los datos escritos.
Ocurrió en la clase 'venPrimarias.ventana1', en el método 'txtCodigoKeyPressed2()'
abr. 11, 2022 3:32:06 P. M. clases.logger staticLogger
WARNING: Error 14: no hay datos que concuerden con los datos escritos.
Ocurrió en la clase 'venPrimarias.ventana1', en el método 'txtCodigoKeyPressed2()'
abr. 11, 2022 3:32:06 P. M. clases.logger staticLogger
WARNING: Error 14: no hay datos que concuerden con los datos escritos.
Ocurrió en la clase 'venPrimarias.ventana1', en el método 'txtCodigoKeyPressed2()'
abr. 11, 2022 3:32:06 P. M. clases.logger staticLogger
WARNING: Error 14: no hay datos que concuerden con los datos escritos.
Ocurrió en la clase 'venPrimarias.ventana1', en el método 'txtCodigoKeyPressed2()'
abr. 11, 2022 3:32:06 P. M. clases.logger staticLogger
WARNING: Error 14: no hay datos que concuerden con los datos escritos.
Ocurrió en la clase 'venPrimarias.ventana1', en el método 'txtCodigoKeyPressed2()'
abr. 11, 2022 3:32:06 P. M. clases.logger staticLogger
WARNING: Error 14: no hay datos que concuerden con los datos escritos.
Ocurrió en la clase 'venPrimarias.ventana1', en el método 'txtCodigoKeyPressed2()'
abr. 11, 2022 3:32:06 P. M. clases.logger staticLogger
WARNING: Error 14: no hay datos que concuerden con los datos escritos.
Ocurrió en la clase 'venPrimarias.ventana1', en el método 'txtCodigoKeyPressed2()'
abr. 11, 2022 3:32:09 P. M. clases.logger staticLogger
WARNING: Error 18: For input string: "".
Ocurrió en la clase 'venPrimarias.ventana1', en el método 'txtCantKeyPressed2()'
abr. 11, 2022 3:32:16 P. M. clases.logger staticLogger
WARNING: Error 11: You have an error in your SQL syntax; check the manual that corresponds to your MariaDB server version for the right syntax to use near '' at line 1.
Ocurrió en la clase 'venPrimarias.ventana1', en el método 'txtCodigoKeyPressed2()'
abr. 11, 2022 3:32:16 P. M. clases.logger staticLogger
WARNING: Error 11: You have an error in your SQL syntax; check the manual that corresponds to your MariaDB server version for the right syntax to use near '' at line 1.
Ocurrió en la clase 'venPrimarias.ventana1', en el método 'txtCodigoKeyPressed2()'
abr. 11, 2022 3:32:19 P. M. clases.logger staticLogger
WARNING: Error 14: no hay datos que concuerden con los datos escritos.
Ocurrió en la clase 'venPrimarias.ventana1', en el método 'txtCodigoKeyPressed2()'
abr. 11, 2022 3:32:19 P. M. clases.logger staticLogger
WARNING: Error 14: no hay datos que concuerden con los datos escritos.
Ocurrió en la clase 'venPrimarias.ventana1', en el método 'txtCodigoKeyPressed2()'
abr. 11, 2022 3:32:19 P. M. clases.logger staticLogger
WARNING: Error 14: no hay datos que concuerden con los datos escritos.
Ocurrió en la clase 'venPrimarias.ventana1', en el método 'txtCodigoKeyPressed2()'
abr. 11, 2022 3:32:20 P. M. clases.logger staticLogger
WARNING: Error 14: no hay datos que concuerden con los datos escritos.
Ocurrió en la clase 'venPrimarias.ventana1', en el método 'txtCodigoKeyPressed2()'
abr. 11, 2022 3:32:20 P. M. clases.logger staticLogger
WARNING: Error 14: no hay datos que concuerden con los datos escritos.
Ocurrió en la clase 'venPrimarias.ventana1', en el método 'txtCodigoKeyPressed2()'
abr. 11, 2022 3:32:20 P. M. clases.logger staticLogger
WARNING: Error 14: no hay datos que concuerden con los datos escritos.
Ocurrió en la clase 'venPrimarias.ventana1', en el método 'txtCodigoKeyPressed2()'
abr. 11, 2022 3:32:20 P. M. clases.logger staticLogger
WARNING: Error 14: no hay datos que concuerden con los datos escritos.
Ocurrió en la clase 'venPrimarias.ventana1', en el método 'txtCodigoKeyPressed2()'
abr. 11, 2022 3:32:21 P. M. clases.logger staticLogger
WARNING: Error 14: no hay datos que concuerden con los datos escritos.
Ocurrió en la clase 'venPrimarias.ventana1', en el método 'txtCodigoKeyPressed2()'
abr. 11, 2022 3:32:21 P. M. clases.logger staticLogger
WARNING: Error 14: no hay datos que concuerden con los datos escritos.
Ocurrió en la clase 'venPrimarias.ventana1', en el método 'txtCodigoKeyPressed2()'
abr. 11, 2022 3:32:21 P. M. clases.logger staticLogger
WARNING: Error 14: no hay datos que concuerden con los datos escritos.
Ocurrió en la clase 'venPrimarias.ventana1', en el método 'txtCodigoKeyPressed2()'
abr. 11, 2022 3:32:21 P. M. clases.logger staticLogger
WARNING: Error 14: no hay datos que concuerden con los datos escritos.
Ocurrió en la clase 'venPrimarias.ventana1', en el método 'txtCodigoKeyPressed2()'
abr. 11, 2022 3:32:21 P. M. clases.logger staticLogger
WARNING: Error 14: no hay datos que concuerden con los datos escritos.
Ocurrió en la clase 'venPrimarias.ventana1', en el método 'txtCodigoKeyPressed2()'
abr. 11, 2022 3:32:22 P. M. clases.logger staticLogger
WARNING: Error 14: no hay datos que concuerden con los datos escritos.
Ocurrió en la clase 'venPrimarias.ventana1', en el método 'txtCodigoKeyPressed2()'
abr. 11, 2022 3:32:22 P. M. clases.logger staticLogger
WARNING: Error 14: no hay datos que concuerden con los datos escritos.
Ocurrió en la clase 'venPrimarias.ventana1', en el método 'txtCodigoKeyPressed2()'
abr. 11, 2022 3:32:22 P. M. clases.logger staticLogger
WARNING: Error 14: no hay datos que concuerden con los datos escritos.
Ocurrió en la clase 'venPrimarias.ventana1', en el método 'txtCodigoKeyPressed2()'
abr. 11, 2022 3:32:22 P. M. clases.logger staticLogger
WARNING: Error 14: no hay datos que concuerden con los datos escritos.
Ocurrió en la clase 'venPrimarias.ventana1', en el método 'txtCodigoKeyPressed2()'
abr. 11, 2022 3:32:22 P. M. clases.logger staticLogger
WARNING: Error 14: no hay datos que concuerden con los datos escritos.
Ocurrió en la clase 'venPrimarias.ventana1', en el método 'txtCodigoKeyPressed2()'
abr. 11, 2022 3:32:22 P. M. clases.logger staticLogger
WARNING: Error 14: no hay datos que concuerden con los datos escritos.
Ocurrió en la clase 'venPrimarias.ventana1', en el método 'txtCodigoKeyPressed2()'
abr. 11, 2022 3:32:24 P. M. clases.logger staticLogger
WARNING: Error 14: no hay datos que concuerden con los datos escritos.
Ocurrió en la clase 'venPrimarias.ventana1', en el método 'txtCodigoKeyPressed2()'
abr. 11, 2022 3:32:24 P. M. clases.logger staticLogger
WARNING: Error 14: no hay datos que concuerden con los datos escritos.
Ocurrió en la clase 'venPrimarias.ventana1', en el método 'txtCodigoKeyPressed2()'
abr. 11, 2022 3:32:24 P. M. clases.logger staticLogger
WARNING: Error 14: no hay datos que concuerden con los datos escritos.
Ocurrió en la clase 'venPrimarias.ventana1', en el método 'txtCodigoKeyPressed2()'
abr. 11, 2022 3:32:24 P. M. clases.logger staticLogger
WARNING: Error 14: no hay datos que concuerden con los datos escritos.
Ocurrió en la clase 'venPrimarias.ventana1', en el método 'txtCodigoKeyPressed2()'
abr. 11, 2022 3:32:24 P. M. clases.logger staticLogger
WARNING: Error 14: no hay datos que concuerden con los datos escritos.
Ocurrió en la clase 'venPrimarias.ventana1', en el método 'txtCodigoKeyPressed2()'
abr. 11, 2022 3:32:24 P. M. clases.logger staticLogger
WARNING: Error 14: no hay datos que concuerden con los datos escritos.
Ocurrió en la clase 'venPrimarias.ventana1', en el método 'txtCodigoKeyPressed2()'
abr. 11, 2022 3:32:24 P. M. clases.logger staticLogger
WARNING: Error 14: no hay datos que concuerden con los datos escritos.
Ocurrió en la clase 'venPrimarias.ventana1', en el método 'txtCodigoKeyPressed2()'
abr. 11, 2022 3:32:25 P. M. clases.logger staticLogger
WARNING: Error 14: no hay datos que concuerden con los datos escritos.
Ocurrió en la clase 'venPrimarias.ventana1', en el método 'txtCodigoKeyPressed2()'
abr. 11, 2022 3:32:25 P. M. clases.logger staticLogger
WARNING: Error 14: no hay datos que concuerden con los datos escritos.
Ocurrió en la clase 'venPrimarias.ventana1', en el método 'txtCodigoKeyPressed2()'
abr. 11, 2022 3:32:25 P. M. clases.logger staticLogger
WARNING: Error 14: no hay datos que concuerden con los datos escritos.
Ocurrió en la clase 'venPrimarias.ventana1', en el método 'txtCodigoKeyPressed2()'
abr. 11, 2022 3:32:25 P. M. clases.logger staticLogger
WARNING: Error 14: no hay datos que concuerden con los datos escritos.
Ocurrió en la clase 'venPrimarias.ventana1', en el método 'txtCodigoKeyPressed2()'
abr. 11, 2022 3:32:25 P. M. clases.logger staticLogger
WARNING: Error 14: no hay datos que concuerden con los datos escritos.
Ocurrió en la clase 'venPrimarias.ventana1', en el método 'txtCodigoKeyPressed2()'
abr. 11, 2022 3:32:25 P. M. clases.logger staticLogger
WARNING: Error 14: no hay datos que concuerden con los datos escritos.
Ocurrió en la clase 'venPrimarias.ventana1', en el método 'txtCodigoKeyPressed2()'
abr. 11, 2022 3:32:25 P. M. clases.logger staticLogger
WARNING: Error 14: no hay datos que concuerden con los datos escritos.
Ocurrió en la clase 'venPrimarias.ventana1', en el método 'txtCodigoKeyPressed2()'
abr. 11, 2022 3:32:25 P. M. clases.logger staticLogger
WARNING: Error 14: no hay datos que concuerden con los datos escritos.
Ocurrió en la clase 'venPrimarias.ventana1', en el método 'txtCodigoKeyPressed2()'
abr. 11, 2022 3:32:27 P. M. clases.logger staticLogger
WARNING: Error 14: no hay datos que concuerden con los datos escritos.
Ocurrió en la clase 'venPrimarias.ventana1', en el método 'txtCodigoKeyPressed2()'
abr. 11, 2022 3:32:27 P. M. clases.logger staticLogger
WARNING: Error 14: no hay datos que concuerden con los datos escritos.
Ocurrió en la clase 'venPrimarias.ventana1', en el método 'txtCodigoKeyPressed2()'
abr. 11, 2022 3:32:27 P. M. clases.logger staticLogger
WARNING: Error 14: no hay datos que concuerden con los datos escritos.
Ocurrió en la clase 'venPrimarias.ventana1', en el método 'txtCodigoKeyPressed2()'
abr. 11, 2022 3:32:27 P. M. clases.logger staticLogger
WARNING: Error 14: no hay datos que concuerden con los datos escritos.
Ocurrió en la clase 'venPrimarias.ventana1', en el método 'txtCodigoKeyPressed2()'
abr. 11, 2022 3:32:27 P. M. clases.logger staticLogger
WARNING: Error 14: no hay datos que concuerden con los datos escritos.
Ocurrió en la clase 'venPrimarias.ventana1', en el método 'txtCodigoKeyPressed2()'
abr. 11, 2022 3:32:27 P. M. clases.logger staticLogger
WARNING: Error 14: no hay datos que concuerden con los datos escritos.
Ocurrió en la clase 'venPrimarias.ventana1', en el método 'txtCodigoKeyPressed2()'
abr. 11, 2022 3:32:27 P. M. clases.logger staticLogger
WARNING: Error 14: no hay datos que concuerden con los datos escritos.
Ocurrió en la clase 'venPrimarias.ventana1', en el método 'txtCodigoKeyPressed2()'
abr. 11, 2022 3:32:27 P. M. clases.logger staticLogger
WARNING: Error 14: no hay datos que concuerden con los datos escritos.
Ocurrió en la clase 'venPrimarias.ventana1', en el método 'txtCodigoKeyPressed2()'
abr. 11, 2022 3:32:27 P. M. clases.logger staticLogger
WARNING: Error 14: no hay datos que concuerden con los datos escritos.
Ocurrió en la clase 'venPrimarias.ventana1', en el método 'txtCodigoKeyPressed2()'
abr. 11, 2022 3:32:28 P. M. clases.logger staticLogger
WARNING: Error 14: no hay datos que concuerden con los datos escritos.
Ocurrió en la clase 'venPrimarias.ventana1', en el método 'txtCodigoKeyPressed2()'
abr. 11, 2022 3:32:28 P. M. clases.logger staticLogger
WARNING: Error 14: no hay datos que concuerden con los datos escritos.
Ocurrió en la clase 'venPrimarias.ventana1', en el método 'txtCodigoKeyPressed2()'
abr. 11, 2022 3:32:28 P. M. clases.logger staticLogger
WARNING: Error 14: no hay datos que concuerden con los datos escritos.
Ocurrió en la clase 'venPrimarias.ventana1', en el método 'txtCodigoKeyPressed2()'
abr. 11, 2022 3:32:28 P. M. clases.logger staticLogger
WARNING: Error 14: no hay datos que concuerden con los datos escritos.
Ocurrió en la clase 'venPrimarias.ventana1', en el método 'txtCodigoKeyPressed2()'
abr. 11, 2022 3:32:28 P. M. clases.logger staticLogger
WARNING: Error 14: no hay datos que concuerden con los datos escritos.
Ocurrió en la clase 'venPrimarias.ventana1', en el método 'txtCodigoKeyPressed2()'
abr. 11, 2022 3:32:28 P. M. clases.logger staticLogger
WARNING: Error 14: no hay datos que concuerden con los datos escritos.
Ocurrió en la clase 'venPrimarias.ventana1', en el método 'txtCodigoKeyPressed2()'
abr. 11, 2022 3:32:28 P. M. clases.logger staticLogger
WARNING: Error 14: no hay datos que concuerden con los datos escritos.
Ocurrió en la clase 'venPrimarias.ventana1', en el método 'txtCodigoKeyPressed2()'
abr. 11, 2022 3:32:28 P. M. clases.logger staticLogger
WARNING: Error 14: no hay datos que concuerden con los datos escritos.
Ocurrió en la clase 'venPrimarias.ventana1', en el método 'txtCodigoKeyPressed2()'
abr. 11, 2022 3:32:28 P. M. clases.logger staticLogger
WARNING: Error 14: no hay datos que concuerden con los datos escritos.
Ocurrió en la clase 'venPrimarias.ventana1', en el método 'txtCodigoKeyPressed2()'
abr. 11, 2022 3:32:28 P. M. clases.logger staticLogger
WARNING: Error 14: no hay datos que concuerden con los datos escritos.
Ocurrió en la clase 'venPrimarias.ventana1', en el método 'txtCodigoKeyPressed2()'
abr. 11, 2022 3:32:30 P. M. clases.logger staticLogger
WARNING: Error 14: no hay datos que concuerden con los datos escritos.
Ocurrió en la clase 'venPrimarias.ventana1', en el método 'txtCodigoKeyPressed2()'
abr. 11, 2022 3:32:30 P. M. clases.logger staticLogger
WARNING: Error 14: no hay datos que concuerden con los datos escritos.
Ocurrió en la clase 'venPrimarias.ventana1', en el método 'txtCodigoKeyPressed2()'
abr. 11, 2022 3:32:30 P. M. clases.logger staticLogger
WARNING: Error 14: no hay datos que concuerden con los datos escritos.
Ocurrió en la clase 'venPrimarias.ventana1', en el método 'txtCodigoKeyPressed2()'
abr. 11, 2022 3:32:30 P. M. clases.logger staticLogger
WARNING: Error 14: no hay datos que concuerden con los datos escritos.
Ocurrió en la clase 'venPrimarias.ventana1', en el método 'txtCodigoKeyPressed2()'
abr. 11, 2022 3:32:30 P. M. clases.logger staticLogger
WARNING: Error 14: no hay datos que concuerden con los datos escritos.
Ocurrió en la clase 'venPrimarias.ventana1', en el método 'txtCodigoKeyPressed2()'
abr. 11, 2022 3:32:30 P. M. clases.logger staticLogger
WARNING: Error 14: no hay datos que concuerden con los datos escritos.
Ocurrió en la clase 'venPrimarias.ventana1', en el método 'txtCodigoKeyPressed2()'
abr. 11, 2022 3:32:30 P. M. clases.logger staticLogger
WARNING: Error 14: no hay datos que concuerden con los datos escritos.
Ocurrió en la clase 'venPrimarias.ventana1', en el método 'txtCodigoKeyPressed2()'
abr. 11, 2022 3:32:30 P. M. clases.logger staticLogger
WARNING: Error 14: no hay datos que concuerden con los datos escritos.
Ocurrió en la clase 'venPrimarias.ventana1', en el método 'txtCodigoKeyPressed2()'
abr. 11, 2022 3:32:30 P. M. clases.logger staticLogger
WARNING: Error 14: no hay datos que concuerden con los datos escritos.
Ocurrió en la clase 'venPrimarias.ventana1', en el método 'txtCodigoKeyPressed2()'
abr. 11, 2022 3:32:30 P. M. clases.logger staticLogger
WARNING: Error 14: no hay datos que concuerden con los datos escritos.
Ocurrió en la clase 'venPrimarias.ventana1', en el método 'txtCodigoKeyPressed2()'
abr. 11, 2022 3:32:30 P. M. clases.logger staticLogger
WARNING: Error 14: no hay datos que concuerden con los datos escritos.
Ocurrió en la clase 'venPrimarias.ventana1', en el método 'txtCodigoKeyPressed2()'
abr. 11, 2022 3:32:32 P. M. clases.logger staticLogger
WARNING: Error 14: no hay datos que concuerden con los datos escritos.
Ocurrió en la clase 'venPrimarias.ventana1', en el método 'txtCodigoKeyPressed2()'
abr. 11, 2022 3:32:32 P. M. clases.logger staticLogger
WARNING: Error 14: no hay datos que concuerden con los datos escritos.
Ocurrió en la clase 'venPrimarias.ventana1', en el método 'txtCodigoKeyPressed2()'
abr. 11, 2022 3:32:32 P. M. clases.logger staticLogger
WARNING: Error 14: no hay datos que concuerden con los datos escritos.
Ocurrió en la clase 'venPrimarias.ventana1', en el método 'txtCodigoKeyPressed2()'
abr. 11, 2022 3:32:32 P. M. clases.logger staticLogger
WARNING: Error 14: no hay datos que concuerden con los datos escritos.
Ocurrió en la clase 'venPrimarias.ventana1', en el método 'txtCodigoKeyPressed2()'
abr. 11, 2022 3:32:32 P. M. clases.logger staticLogger
WARNING: Error 14: no hay datos que concuerden con los datos escritos.
Ocurrió en la clase 'venPrimarias.ventana1', en el método 'txtCodigoKeyPressed2()'
abr. 11, 2022 3:32:32 P. M. clases.logger staticLogger
WARNING: Error 14: no hay datos que concuerden con los datos escritos.
Ocurrió en la clase 'venPrimarias.ventana1', en el método 'txtCodigoKeyPressed2()'
abr. 11, 2022 3:32:32 P. M. clases.logger staticLogger
WARNING: Error 14: no hay datos que concuerden con los datos escritos.
Ocurrió en la clase 'venPrimarias.ventana1', en el método 'txtCodigoKeyPressed2()'
abr. 11, 2022 3:32:32 P. M. clases.logger staticLogger
WARNING: Error 14: no hay datos que concuerden con los datos escritos.
Ocurrió en la clase 'venPrimarias.ventana1', en el método 'txtCodigoKeyPressed2()'
abr. 11, 2022 3:32:32 P. M. clases.logger staticLogger
WARNING: Error 14: no hay datos que concuerden con los datos escritos.
Ocurrió en la clase 'venPrimarias.ventana1', en el método 'txtCodigoKeyPressed2()'
abr. 11, 2022 3:32:32 P. M. clases.logger staticLogger
WARNING: Error 14: no hay datos que concuerden con los datos escritos.
Ocurrió en la clase 'venPrimarias.ventana1', en el método 'txtCodigoKeyPressed2()'
abr. 11, 2022 3:32:32 P. M. clases.logger staticLogger
WARNING: Error 14: no hay datos que concuerden con los datos escritos.
Ocurrió en la clase 'venPrimarias.ventana1', en el método 'txtCodigoKeyPressed2()'
abr. 11, 2022 3:32:32 P. M. clases.logger staticLogger
WARNING: Error 14: no hay datos que concuerden con los datos escritos.
Ocurrió en la clase 'venPrimarias.ventana1', en el método 'txtCodigoKeyPressed2()'
abr. 11, 2022 3:32:41 P. M. clases.logger staticLogger
WARNING: Error 18: For input string: "".
Ocurrió en la clase 'venPrimarias.ventana1', en el método 'txtCantKeyPressed2()'
abr. 11, 2022 3:32:41 P. M. clases.logger staticLogger
WARNING: Error 18: For input string: "".
Ocurrió en la clase 'venPrimarias.ventana1', en el método 'txtCantKeyPressed2()'
abr. 11, 2022 3:32:41 P. M. clases.logger staticLogger
WARNING: Error 18: For input string: "".
Ocurrió en la clase 'venPrimarias.ventana1', en el método 'txtCantKeyPressed2()'
abr. 11, 2022 3:32:41 P. M. clases.logger staticLogger
WARNING: Error 18: For input string: "".
Ocurrió en la clase 'venPrimarias.ventana1', en el método 'txtCantKeyPressed2()'
abr. 11, 2022 3:32:41 P. M. clases.logger staticLogger
WARNING: Error 18: For input string: "".
Ocurrió en la clase 'venPrimarias.ventana1', en el método 'txtCantKeyPressed2()'
abr. 11, 2022 3:32:41 P. M. clases.logger staticLogger
WARNING: Error 18: For input string: "".
Ocurrió en la clase 'venPrimarias.ventana1', en el método 'txtCantKeyPressed2()'
abr. 11, 2022 3:32:41 P. M. clases.logger staticLogger
WARNING: Error 18: For input string: "".
Ocurrió en la clase 'venPrimarias.ventana1', en el método 'txtCantKeyPressed2()'
abr. 11, 2022 3:32:41 P. M. clases.logger staticLogger
WARNING: Error 18: For input string: "".
Ocurrió en la clase 'venPrimarias.ventana1', en el método 'txtCantKeyPressed2()'
abr. 11, 2022 3:32:41 P. M. clases.logger staticLogger
WARNING: Error 18: For input string: "".
Ocurrió en la clase 'venPrimarias.ventana1', en el método 'txtCantKeyPressed2()'
abr. 11, 2022 3:32:41 P. M. clases.logger staticLogger
WARNING: Error 18: For input string: "".
Ocurrió en la clase 'venPrimarias.ventana1', en el método 'txtCantKeyPressed2()'
abr. 11, 2022 3:32:41 P. M. clases.logger staticLogger
WARNING: Error 18: For input string: "".
Ocurrió en la clase 'venPrimarias.ventana1', en el método 'txtCantKeyPressed2()'
abr. 11, 2022 3:32:41 P. M. clases.logger staticLogger
WARNING: Error 18: For input string: "".
Ocurrió en la clase 'venPrimarias.ventana1', en el método 'txtCantKeyPressed2()'
abr. 11, 2022 3:32:41 P. M. clases.logger staticLogger
WARNING: Error 18: For input string: "".
Ocurrió en la clase 'venPrimarias.ventana1', en el método 'txtCantKeyPressed2()'
abr. 11, 2022 3:32:57 P. M. clases.logger staticLogger
WARNING: Error IOE_T1.1: Printer is not accepting job.
Ocurrió en la clase 'clases.tickets.ticket', en el método 'imprimirDocumento()'
abr. 11, 2022 3:32:57 P. M. clases.logger staticLogger
WARNING: Error IOE_T1.1: Printer is not accepting job.
Ocurrió en la clase 'clases.tickets.ticket', en el método 'imprimirDocumento()'
abr. 11, 2022 3:32:57 P. M. clases.logger staticLogger
WARNING: Error IOE_T1.1: Printer is not accepting job.
Ocurrió en la clase 'clases.tickets.ticket', en el método 'imprimirDocumento()'
abr. 11, 2022 3:32:57 P. M. clases.logger staticLogger
WARNING: Error IOE_T1.1: Printer is not accepting job.
Ocurrió en la clase 'clases.tickets.ticket', en el método 'imprimirDocumento()'
abr. 11, 2022 3:32:57 P. M. clases.logger staticLogger
WARNING: Error IOE_T1.1: Printer is not accepting job.
Ocurrió en la clase 'clases.tickets.ticket', en el método 'imprimirDocumento()'
abr. 11, 2022 3:32:57 P. M. clases.logger staticLogger
WARNING: Error IOE_T1.1: Printer is not accepting job.
Ocurrió en la clase 'clases.tickets.ticket', en el método 'imprimirDocumento()'
abr. 11, 2022 3:32:57 P. M. clases.logger staticLogger
WARNING: Error IOE_T1.1: Printer is not accepting job.
Ocurrió en la clase 'clases.tickets.ticket', en el método 'imprimirDocumento()'
abr. 11, 2022 3:32:57 P. M. clases.logger staticLogger
WARNING: Error IOE_T1.1: Printer is not accepting job.
Ocurrió en la clase 'clases.tickets.ticket', en el método 'imprimirDocumento()'
abr. 11, 2022 3:32:57 P. M. clases.logger staticLogger
WARNING: Error IOE_T1.1: Printer is not accepting job.
Ocurrió en la clase 'clases.tickets.ticket', en el método 'imprimirDocumento()'
abr. 11, 2022 3:32:57 P. M. clases.logger staticLogger
WARNING: Error IOE_T1.1: Printer is not accepting job.
Ocurrió en la clase 'clases.tickets.ticket', en el método 'imprimirDocumento()'
abr. 11, 2022 3:32:57 P. M. clases.logger staticLogger
WARNING: Error IOE_T1.1: Printer is not accepting job.
Ocurrió en la clase 'clases.tickets.ticket', en el método 'imprimirDocumento()'
abr. 11, 2022 3:32:57 P. M. clases.logger staticLogger
WARNING: Error IOE_T1.1: Printer is not accepting job.
Ocurrió en la clase 'clases.tickets.ticket', en el método 'imprimirDocumento()'
abr. 11, 2022 3:32:57 P. M. clases.logger staticLogger
WARNING: Error IOE_T1.1: Printer is not accepting job.
Ocurrió en la clase 'clases.tickets.ticket', en el método 'imprimirDocumento()'
abr. 11, 2022 3:32:57 P. M. clases.logger staticLogger
WARNING: Error IOE_T1.1: Printer is not accepting job.
Ocurrió en la clase 'clases.tickets.ticket', en el método 'imprimirDocumento()'
abr. 11, 2022 3:32:57 P. M. clases.logger staticLogger
WARNING: Error IOE_T1.1: Printer is not accepting job.
Ocurrió en la clase 'clases.tickets.ticket', en el método 'imprimirDocumento()'
abr. 11, 2022 3:51:44 P. M. clases.logger staticLogger
WARNING: Error PE_T1: Printer is not accepting job.
Ocurrió en la clase 'clases.tickets.ticket', en el método 'imprimirDocumento()'
abr. 12, 2022 3:53:38 A. M. clases.logger staticLogger
WARNING: Error PE_T1: Printer is not accepting job.
Ocurrió en la clase 'clases.tickets.ticket', en el método 'imprimirDocumento()'
abr. 14, 2022 7:27:17 P. M. clases.logger staticLogger
WARNING: Error 10: Communications link failure

The last packet sent successfully to the server was 0 milliseconds ago. The driver has not received any packets from the server..
Ocurrió en la clase 'clases.datos', en el método 'getConnection()'
abr. 14, 2022 7:27:20 P. M. clases.logger staticLogger
WARNING: Error 0: Cannot invoke "java.sql.Connection.prepareStatement(String)" because the return value of "clases.datos.getConnection()" is null.
Ocurrió en la clase 'venPrimarias.ltshWorkers', en el método 'datosMostrar()'
abr. 14, 2022 7:27:20 P. M. clases.logger staticLogger
WARNING: Error 0: Cannot invoke "java.sql.Connection.prepareStatement(String)" because the return value of "clases.datos.getConnection()" is null.
Ocurrió en la clase 'venPrimarias.ltshWorkers', en el método 'datosMostrar()'
